2026-05-28 21:17:14  INFO      space_missions  logger.py:80  Logging initialised — file: F:\projects\space_mission_analysis\logs\space_missions.log
2026-05-28 21:17:14  INFO      space_missions.__main__  etl_load.py:411  ============================================================
2026-05-28 21:17:14  INFO      space_missions.__main__  etl_load.py:412  SPACE MISSIONS ETL — START
2026-05-28 21:17:14  INFO      space_missions.__main__  etl_load.py:413  ============================================================
2026-05-28 21:17:14  DEBUG     space_missions.db  db.py:24  No existing engine — creating a new one.
2026-05-28 21:17:14  INFO      space_missions.db  db.py:43  Database engine initialised — localhost:5433/Space_missions
2026-05-28 21:17:14  DEBUG     space_missions.__main__  etl_load.py:51  Reading CSV from: F:\projects\space_mission_analysis\data\raw\space_missions.csv
2026-05-28 21:17:14  CRITICAL  space_missions.__main__  etl_load.py:53  CSV file not found at: F:\projects\space_mission_analysis\data\raw\space_missions.csv
2026-05-28 21:20:45  INFO      space_missions  logger.py:80  Logging initialised — file: F:\projects\space_mission_analysis\logs\space_missions.log
2026-05-28 21:20:45  INFO      space_missions.__main__  etl_load.py:411  ============================================================
2026-05-28 21:20:45  INFO      space_missions.__main__  etl_load.py:412  SPACE MISSIONS ETL — START
2026-05-28 21:20:45  INFO      space_missions.__main__  etl_load.py:413  ============================================================
2026-05-28 21:20:45  DEBUG     space_missions.db  db.py:24  No existing engine — creating a new one.
2026-05-28 21:20:45  INFO      space_missions.db  db.py:43  Database engine initialised — localhost:5433/Space_missions
2026-05-28 21:20:45  DEBUG     space_missions.__main__  etl_load.py:51  Reading CSV from: F:\projects\space_mission_analysis\data\raw\space_missions.csv
2026-05-28 21:20:45  INFO      space_missions.__main__  etl_load.py:57  Loaded raw CSV: 10,500 rows x 26 columns
2026-05-28 21:20:45  INFO      space_missions.__main__  etl_load.py:121  Starting dataframe cleaning...
2026-05-28 21:20:45  DEBUG     space_missions.__main__  etl_load.py:131  Column names normalised to snake_case
2026-05-28 21:20:45  DEBUG     space_missions.__main__  etl_load.py:137  Sentinel values replaced with None across 25 string columns
2026-05-28 21:20:45  INFO      space_missions.__main__  etl_load.py:148  Duration parsed: 5,561 valid, 4,939 could not be parsed (set NULL)
2026-05-28 21:20:45  DEBUG     space_missions.__main__  etl_load.py:116  'status' — all values within allowed set
2026-05-28 21:20:45  DEBUG     space_missions.__main__  etl_load.py:116  'mission_phase' — all values within allowed set
2026-05-28 21:20:45  DEBUG     space_missions.__main__  etl_load.py:116  'crew_type' — all values within allowed set
2026-05-28 21:20:45  DEBUG     space_missions.__main__  etl_load.py:116  'data_returned' — all values within allowed set
2026-05-28 21:20:45  INFO      space_missions.__main__  etl_load.py:165  Cleaning complete.
2026-05-28 21:20:45  DEBUG     space_missions.__main__  etl_load.py:177  Building dim_date...
2026-05-28 21:20:45  INFO      space_missions.__main__  etl_load.py:196  dim_date built: 12,081 rows  (1957 — 2035)
2026-05-28 21:20:45  DEBUG     space_missions.__main__  etl_load.py:202  Building dim_agency...
2026-05-28 21:20:45  INFO      space_missions.__main__  etl_load.py:214  dim_agency built: 27 unique agencies
2026-05-28 21:20:45  DEBUG     space_missions.__main__  etl_load.py:220  Building dim_launch...
2026-05-28 21:20:45  INFO      space_missions.__main__  etl_load.py:230  dim_launch built: 139 unique vehicle/site combinations
2026-05-28 21:20:45  DEBUG     space_missions.__main__  etl_load.py:245  Building fact_missions...
2026-05-28 21:20:46  INFO      space_missions.__main__  etl_load.py:289  fact_missions built: 10,500 rows
2026-05-28 21:20:46  DEBUG     space_missions.__main__  etl_load.py:314  Building bridge_crew...
2026-05-28 21:20:46  INFO      space_missions.__main__  etl_load.py:317  bridge_crew built: 11,789 rows across 2,637 crewed missions
2026-05-28 21:20:46  DEBUG     space_missions.__main__  etl_load.py:322  Building bridge_partners...
2026-05-28 21:20:46  INFO      space_missions.__main__  etl_load.py:325  bridge_partners built: 4,336 rows across 4,336 collaborative missions
2026-05-28 21:20:46  DEBUG     space_missions.__main__  etl_load.py:334  Building dim_mission_meta...
2026-05-28 21:20:46  INFO      space_missions.__main__  etl_load.py:339  dim_mission_meta built: 10,500 rows
2026-05-28 21:20:46  INFO      space_missions.__main__  etl_load.py:363  Starting database load...
2026-05-28 21:20:46  INFO      space_missions.__main__  etl_load.py:366  Loading dim_date (12,081 rows)...
2026-05-28 21:20:46  ERROR     space_missions.__main__  etl_load.py:378    Failed to load dim_date: (psycopg2.OperationalError) connection to server on socket "@localhost/.s.PGSQL.5433" failed: Invalid argument (0x00002726/10022)
	Is the server running locally and accepting connections on that socket?

(Background on this error at: https://sqlalche.me/e/20/e3q8)
2026-05-28 22:09:38  INFO      space_missions  logger.py:80  Logging initialised — file: F:\projects\space_mission_analysis\logs\space_missions.log
2026-05-28 22:09:38  INFO      space_missions.__main__  etl_load.py:411  ============================================================
2026-05-28 22:09:38  INFO      space_missions.__main__  etl_load.py:412  SPACE MISSIONS ETL — START
2026-05-28 22:09:38  INFO      space_missions.__main__  etl_load.py:413  ============================================================
2026-05-28 22:09:38  DEBUG     space_missions.db  db.py:24  No existing engine — creating a new one.
2026-05-28 22:09:38  INFO      space_missions.db  db.py:43  Database engine initialised — localhost:5433/Space_missions
2026-05-28 22:09:38  DEBUG     space_missions.__main__  etl_load.py:51  Reading CSV from: F:\projects\space_mission_analysis\data\raw\space_missions.csv
2026-05-28 22:09:38  INFO      space_missions.__main__  etl_load.py:57  Loaded raw CSV: 10,500 rows x 26 columns
2026-05-28 22:09:38  INFO      space_missions.__main__  etl_load.py:121  Starting dataframe cleaning...
2026-05-28 22:09:38  DEBUG     space_missions.__main__  etl_load.py:131  Column names normalised to snake_case
2026-05-28 22:09:38  DEBUG     space_missions.__main__  etl_load.py:137  Sentinel values replaced with None across 25 string columns
2026-05-28 22:09:38  INFO      space_missions.__main__  etl_load.py:148  Duration parsed: 5,561 valid, 4,939 could not be parsed (set NULL)
2026-05-28 22:09:38  DEBUG     space_missions.__main__  etl_load.py:116  'status' — all values within allowed set
2026-05-28 22:09:38  DEBUG     space_missions.__main__  etl_load.py:116  'mission_phase' — all values within allowed set
2026-05-28 22:09:38  DEBUG     space_missions.__main__  etl_load.py:116  'crew_type' — all values within allowed set
2026-05-28 22:09:38  DEBUG     space_missions.__main__  etl_load.py:116  'data_returned' — all values within allowed set
2026-05-28 22:09:38  INFO      space_missions.__main__  etl_load.py:165  Cleaning complete.
2026-05-28 22:09:38  DEBUG     space_missions.__main__  etl_load.py:177  Building dim_date...
2026-05-28 22:09:38  INFO      space_missions.__main__  etl_load.py:196  dim_date built: 12,081 rows  (1957 — 2035)
2026-05-28 22:09:38  DEBUG     space_missions.__main__  etl_load.py:202  Building dim_agency...
2026-05-28 22:09:38  INFO      space_missions.__main__  etl_load.py:214  dim_agency built: 27 unique agencies
2026-05-28 22:09:38  DEBUG     space_missions.__main__  etl_load.py:220  Building dim_launch...
2026-05-28 22:09:38  INFO      space_missions.__main__  etl_load.py:230  dim_launch built: 139 unique vehicle/site combinations
2026-05-28 22:09:38  DEBUG     space_missions.__main__  etl_load.py:245  Building fact_missions...
2026-05-28 22:09:38  INFO      space_missions.__main__  etl_load.py:289  fact_missions built: 10,500 rows
2026-05-28 22:09:38  DEBUG     space_missions.__main__  etl_load.py:314  Building bridge_crew...
2026-05-28 22:09:39  INFO      space_missions.__main__  etl_load.py:317  bridge_crew built: 11,789 rows across 2,637 crewed missions
2026-05-28 22:09:39  DEBUG     space_missions.__main__  etl_load.py:322  Building bridge_partners...
2026-05-28 22:09:39  INFO      space_missions.__main__  etl_load.py:325  bridge_partners built: 4,336 rows across 4,336 collaborative missions
2026-05-28 22:09:39  DEBUG     space_missions.__main__  etl_load.py:334  Building dim_mission_meta...
2026-05-28 22:09:39  INFO      space_missions.__main__  etl_load.py:339  dim_mission_meta built: 10,500 rows
2026-05-28 22:09:39  INFO      space_missions.__main__  etl_load.py:363  Starting database load...
2026-05-28 22:09:39  INFO      space_missions.__main__  etl_load.py:366  Loading dim_date (12,081 rows)...
2026-05-28 22:09:39  ERROR     space_missions.__main__  etl_load.py:378    Failed to load dim_date: (psycopg2.OperationalError) connection to server on socket "@localhost/.s.PGSQL.5433" failed: Invalid argument (0x00002726/10022)
	Is the server running locally and accepting connections on that socket?

(Background on this error at: https://sqlalche.me/e/20/e3q8)
2026-05-28 22:14:48  INFO      space_missions  logger.py:80  Logging initialised — file: F:\projects\space_mission_analysis\logs\space_missions.log
2026-05-28 22:14:48  INFO      space_missions.__main__  etl_load.py:411  ============================================================
2026-05-28 22:14:48  INFO      space_missions.__main__  etl_load.py:412  SPACE MISSIONS ETL — START
2026-05-28 22:14:48  INFO      space_missions.__main__  etl_load.py:413  ============================================================
2026-05-28 22:14:48  DEBUG     space_missions.db  db.py:24  No existing engine — creating a new one.
2026-05-28 22:14:48  INFO      space_missions.db  db.py:43  Database engine initialised — 127.0.0.1:5433/Space_missions
2026-05-28 22:14:48  DEBUG     space_missions.__main__  etl_load.py:51  Reading CSV from: F:\projects\space_mission_analysis\data\raw\space_missions.csv
2026-05-28 22:14:48  INFO      space_missions.__main__  etl_load.py:57  Loaded raw CSV: 10,500 rows x 26 columns
2026-05-28 22:14:48  INFO      space_missions.__main__  etl_load.py:121  Starting dataframe cleaning...
2026-05-28 22:14:48  DEBUG     space_missions.__main__  etl_load.py:131  Column names normalised to snake_case
2026-05-28 22:14:49  DEBUG     space_missions.__main__  etl_load.py:137  Sentinel values replaced with None across 25 string columns
2026-05-28 22:14:49  INFO      space_missions.__main__  etl_load.py:148  Duration parsed: 5,561 valid, 4,939 could not be parsed (set NULL)
2026-05-28 22:14:49  DEBUG     space_missions.__main__  etl_load.py:116  'status' — all values within allowed set
2026-05-28 22:14:49  DEBUG     space_missions.__main__  etl_load.py:116  'mission_phase' — all values within allowed set
2026-05-28 22:14:49  DEBUG     space_missions.__main__  etl_load.py:116  'crew_type' — all values within allowed set
2026-05-28 22:14:49  DEBUG     space_missions.__main__  etl_load.py:116  'data_returned' — all values within allowed set
2026-05-28 22:14:49  INFO      space_missions.__main__  etl_load.py:165  Cleaning complete.
2026-05-28 22:14:49  DEBUG     space_missions.__main__  etl_load.py:177  Building dim_date...
2026-05-28 22:14:49  INFO      space_missions.__main__  etl_load.py:196  dim_date built: 12,081 rows  (1957 — 2035)
2026-05-28 22:14:49  DEBUG     space_missions.__main__  etl_load.py:202  Building dim_agency...
2026-05-28 22:14:49  INFO      space_missions.__main__  etl_load.py:214  dim_agency built: 27 unique agencies
2026-05-28 22:14:49  DEBUG     space_missions.__main__  etl_load.py:220  Building dim_launch...
2026-05-28 22:14:49  INFO      space_missions.__main__  etl_load.py:230  dim_launch built: 139 unique vehicle/site combinations
2026-05-28 22:14:49  DEBUG     space_missions.__main__  etl_load.py:245  Building fact_missions...
2026-05-28 22:14:49  INFO      space_missions.__main__  etl_load.py:289  fact_missions built: 10,500 rows
2026-05-28 22:14:49  DEBUG     space_missions.__main__  etl_load.py:314  Building bridge_crew...
2026-05-28 22:14:49  INFO      space_missions.__main__  etl_load.py:317  bridge_crew built: 11,789 rows across 2,637 crewed missions
2026-05-28 22:14:49  DEBUG     space_missions.__main__  etl_load.py:322  Building bridge_partners...
2026-05-28 22:14:50  INFO      space_missions.__main__  etl_load.py:325  bridge_partners built: 4,336 rows across 4,336 collaborative missions
2026-05-28 22:14:50  DEBUG     space_missions.__main__  etl_load.py:334  Building dim_mission_meta...
2026-05-28 22:14:50  INFO      space_missions.__main__  etl_load.py:339  dim_mission_meta built: 10,500 rows
2026-05-28 22:14:50  INFO      space_missions.__main__  etl_load.py:363  Starting database load...
2026-05-28 22:14:50  INFO      space_missions.__main__  etl_load.py:366  Loading dim_date (12,081 rows)...
2026-05-28 22:14:50  ERROR     space_missions.__main__  etl_load.py:378    Failed to load dim_date: (psycopg2.OperationalError) connection to server on socket "@127.0.0.1/.s.PGSQL.5433" failed: Invalid argument (0x00002726/10022)
	Is the server running locally and accepting connections on that socket?

(Background on this error at: https://sqlalche.me/e/20/e3q8)
2026-05-28 22:20:14  INFO      space_missions  logger.py:80  Logging initialised — file: F:\projects\space_mission_analysis\logs\space_missions.log
2026-05-28 22:20:14  INFO      space_missions.__main__  etl_load.py:411  ============================================================
2026-05-28 22:20:14  INFO      space_missions.__main__  etl_load.py:412  SPACE MISSIONS ETL — START
2026-05-28 22:20:14  INFO      space_missions.__main__  etl_load.py:413  ============================================================
2026-05-28 22:20:14  DEBUG     space_missions.db  db.py:24  No existing engine — creating a new one.
2026-05-28 22:20:14  INFO      space_missions.db  db.py:43  Database engine initialised — 127.0.0.1:5433/Space_missions
2026-05-28 22:20:14  DEBUG     space_missions.__main__  etl_load.py:51  Reading CSV from: F:\projects\space_mission_analysis\data\raw\space_missions.csv
2026-05-28 22:20:14  INFO      space_missions.__main__  etl_load.py:57  Loaded raw CSV: 10,500 rows x 26 columns
2026-05-28 22:20:14  INFO      space_missions.__main__  etl_load.py:121  Starting dataframe cleaning...
2026-05-28 22:20:14  DEBUG     space_missions.__main__  etl_load.py:131  Column names normalised to snake_case
2026-05-28 22:20:14  DEBUG     space_missions.__main__  etl_load.py:137  Sentinel values replaced with None across 25 string columns
2026-05-28 22:20:14  INFO      space_missions.__main__  etl_load.py:148  Duration parsed: 5,561 valid, 4,939 could not be parsed (set NULL)
2026-05-28 22:20:14  DEBUG     space_missions.__main__  etl_load.py:116  'status' — all values within allowed set
2026-05-28 22:20:14  DEBUG     space_missions.__main__  etl_load.py:116  'mission_phase' — all values within allowed set
2026-05-28 22:20:14  DEBUG     space_missions.__main__  etl_load.py:116  'crew_type' — all values within allowed set
2026-05-28 22:20:14  DEBUG     space_missions.__main__  etl_load.py:116  'data_returned' — all values within allowed set
2026-05-28 22:20:14  INFO      space_missions.__main__  etl_load.py:165  Cleaning complete.
2026-05-28 22:20:14  DEBUG     space_missions.__main__  etl_load.py:177  Building dim_date...
2026-05-28 22:20:14  INFO      space_missions.__main__  etl_load.py:196  dim_date built: 12,081 rows  (1957 — 2035)
2026-05-28 22:20:14  DEBUG     space_missions.__main__  etl_load.py:202  Building dim_agency...
2026-05-28 22:20:14  INFO      space_missions.__main__  etl_load.py:214  dim_agency built: 27 unique agencies
2026-05-28 22:20:14  DEBUG     space_missions.__main__  etl_load.py:220  Building dim_launch...
2026-05-28 22:20:14  INFO      space_missions.__main__  etl_load.py:230  dim_launch built: 139 unique vehicle/site combinations
2026-05-28 22:20:14  DEBUG     space_missions.__main__  etl_load.py:245  Building fact_missions...
2026-05-28 22:20:14  INFO      space_missions.__main__  etl_load.py:289  fact_missions built: 10,500 rows
2026-05-28 22:20:14  DEBUG     space_missions.__main__  etl_load.py:314  Building bridge_crew...
2026-05-28 22:20:15  INFO      space_missions.__main__  etl_load.py:317  bridge_crew built: 11,789 rows across 2,637 crewed missions
2026-05-28 22:20:15  DEBUG     space_missions.__main__  etl_load.py:322  Building bridge_partners...
2026-05-28 22:20:15  INFO      space_missions.__main__  etl_load.py:325  bridge_partners built: 4,336 rows across 4,336 collaborative missions
2026-05-28 22:20:15  DEBUG     space_missions.__main__  etl_load.py:334  Building dim_mission_meta...
2026-05-28 22:20:15  INFO      space_missions.__main__  etl_load.py:339  dim_mission_meta built: 10,500 rows
2026-05-28 22:20:15  INFO      space_missions.__main__  etl_load.py:363  Starting database load...
2026-05-28 22:20:15  INFO      space_missions.__main__  etl_load.py:366  Loading dim_date (12,081 rows)...
2026-05-28 22:20:15  ERROR     space_missions.__main__  etl_load.py:378    Failed to load dim_date: (psycopg2.OperationalError) connection to server on socket "@127.0.0.1/.s.PGSQL.5433" failed: Invalid argument (0x00002726/10022)
	Is the server running locally and accepting connections on that socket?

(Background on this error at: https://sqlalche.me/e/20/e3q8)
2026-05-28 22:21:47  INFO      space_missions  logger.py:80  Logging initialised — file: F:\projects\space_mission_analysis\logs\space_missions.log
2026-05-28 22:21:47  INFO      space_missions.__main__  etl_load.py:411  ============================================================
2026-05-28 22:21:47  INFO      space_missions.__main__  etl_load.py:412  SPACE MISSIONS ETL — START
2026-05-28 22:21:47  INFO      space_missions.__main__  etl_load.py:413  ============================================================
2026-05-28 22:21:47  DEBUG     space_missions.db  db.py:24  No existing engine — creating a new one.
2026-05-28 22:21:47  INFO      space_missions.db  db.py:43  Database engine initialised — 127.0.0.1:5433/Space_missions
2026-05-28 22:21:47  DEBUG     space_missions.__main__  etl_load.py:51  Reading CSV from: F:\projects\space_mission_analysis\data\raw\space_missions.csv
2026-05-28 22:21:47  INFO      space_missions.__main__  etl_load.py:57  Loaded raw CSV: 10,500 rows x 26 columns
2026-05-28 22:21:47  INFO      space_missions.__main__  etl_load.py:121  Starting dataframe cleaning...
2026-05-28 22:21:47  DEBUG     space_missions.__main__  etl_load.py:131  Column names normalised to snake_case
2026-05-28 22:21:47  DEBUG     space_missions.__main__  etl_load.py:137  Sentinel values replaced with None across 25 string columns
2026-05-28 22:21:47  INFO      space_missions.__main__  etl_load.py:148  Duration parsed: 5,561 valid, 4,939 could not be parsed (set NULL)
2026-05-28 22:21:47  DEBUG     space_missions.__main__  etl_load.py:116  'status' — all values within allowed set
2026-05-28 22:21:47  DEBUG     space_missions.__main__  etl_load.py:116  'mission_phase' — all values within allowed set
2026-05-28 22:21:47  DEBUG     space_missions.__main__  etl_load.py:116  'crew_type' — all values within allowed set
2026-05-28 22:21:47  DEBUG     space_missions.__main__  etl_load.py:116  'data_returned' — all values within allowed set
2026-05-28 22:21:47  INFO      space_missions.__main__  etl_load.py:165  Cleaning complete.
2026-05-28 22:21:47  DEBUG     space_missions.__main__  etl_load.py:177  Building dim_date...
2026-05-28 22:21:47  INFO      space_missions.__main__  etl_load.py:196  dim_date built: 12,081 rows  (1957 — 2035)
2026-05-28 22:21:47  DEBUG     space_missions.__main__  etl_load.py:202  Building dim_agency...
2026-05-28 22:21:47  INFO      space_missions.__main__  etl_load.py:214  dim_agency built: 27 unique agencies
2026-05-28 22:21:47  DEBUG     space_missions.__main__  etl_load.py:220  Building dim_launch...
2026-05-28 22:21:47  INFO      space_missions.__main__  etl_load.py:230  dim_launch built: 139 unique vehicle/site combinations
2026-05-28 22:21:47  DEBUG     space_missions.__main__  etl_load.py:245  Building fact_missions...
2026-05-28 22:21:48  INFO      space_missions.__main__  etl_load.py:289  fact_missions built: 10,500 rows
2026-05-28 22:21:48  DEBUG     space_missions.__main__  etl_load.py:314  Building bridge_crew...
2026-05-28 22:21:48  INFO      space_missions.__main__  etl_load.py:317  bridge_crew built: 11,789 rows across 2,637 crewed missions
2026-05-28 22:21:48  DEBUG     space_missions.__main__  etl_load.py:322  Building bridge_partners...
2026-05-28 22:21:48  INFO      space_missions.__main__  etl_load.py:325  bridge_partners built: 4,336 rows across 4,336 collaborative missions
2026-05-28 22:21:48  DEBUG     space_missions.__main__  etl_load.py:334  Building dim_mission_meta...
2026-05-28 22:21:48  INFO      space_missions.__main__  etl_load.py:339  dim_mission_meta built: 10,500 rows
2026-05-28 22:21:48  INFO      space_missions.__main__  etl_load.py:363  Starting database load...
2026-05-28 22:21:48  INFO      space_missions.__main__  etl_load.py:366  Loading dim_date (12,081 rows)...
2026-05-28 22:21:48  ERROR     space_missions.__main__  etl_load.py:378    Failed to load dim_date: (psycopg2.OperationalError) connection to server at "127.0.0.1", port 5433 failed: FATAL:  password authentication failed for user "postgres"

(Background on this error at: https://sqlalche.me/e/20/e3q8)
2026-05-28 22:25:46  INFO      space_missions  logger.py:80  Logging initialised — file: F:\projects\space_mission_analysis\logs\space_missions.log
2026-05-28 22:25:46  INFO      space_missions.__main__  etl_load.py:411  ============================================================
2026-05-28 22:25:46  INFO      space_missions.__main__  etl_load.py:412  SPACE MISSIONS ETL — START
2026-05-28 22:25:46  INFO      space_missions.__main__  etl_load.py:413  ============================================================
2026-05-28 22:25:46  DEBUG     space_missions.db  db.py:24  No existing engine — creating a new one.
2026-05-28 22:25:46  INFO      space_missions.db  db.py:43  Database engine initialised — 127.0.0.1:5433/Space_missions
2026-05-28 22:25:46  DEBUG     space_missions.__main__  etl_load.py:51  Reading CSV from: F:\projects\space_mission_analysis\data\raw\space_missions.csv
2026-05-28 22:25:46  INFO      space_missions.__main__  etl_load.py:57  Loaded raw CSV: 10,500 rows x 26 columns
2026-05-28 22:25:46  INFO      space_missions.__main__  etl_load.py:121  Starting dataframe cleaning...
2026-05-28 22:25:46  DEBUG     space_missions.__main__  etl_load.py:131  Column names normalised to snake_case
2026-05-28 22:25:46  DEBUG     space_missions.__main__  etl_load.py:137  Sentinel values replaced with None across 25 string columns
2026-05-28 22:25:46  INFO      space_missions.__main__  etl_load.py:148  Duration parsed: 5,561 valid, 4,939 could not be parsed (set NULL)
2026-05-28 22:25:46  DEBUG     space_missions.__main__  etl_load.py:116  'status' — all values within allowed set
2026-05-28 22:25:46  DEBUG     space_missions.__main__  etl_load.py:116  'mission_phase' — all values within allowed set
2026-05-28 22:25:46  DEBUG     space_missions.__main__  etl_load.py:116  'crew_type' — all values within allowed set
2026-05-28 22:25:46  DEBUG     space_missions.__main__  etl_load.py:116  'data_returned' — all values within allowed set
2026-05-28 22:25:46  INFO      space_missions.__main__  etl_load.py:165  Cleaning complete.
2026-05-28 22:25:46  DEBUG     space_missions.__main__  etl_load.py:177  Building dim_date...
2026-05-28 22:25:46  INFO      space_missions.__main__  etl_load.py:196  dim_date built: 12,081 rows  (1957 — 2035)
2026-05-28 22:25:46  DEBUG     space_missions.__main__  etl_load.py:202  Building dim_agency...
2026-05-28 22:25:46  INFO      space_missions.__main__  etl_load.py:214  dim_agency built: 27 unique agencies
2026-05-28 22:25:46  DEBUG     space_missions.__main__  etl_load.py:220  Building dim_launch...
2026-05-28 22:25:46  INFO      space_missions.__main__  etl_load.py:230  dim_launch built: 139 unique vehicle/site combinations
2026-05-28 22:25:46  DEBUG     space_missions.__main__  etl_load.py:245  Building fact_missions...
2026-05-28 22:25:46  INFO      space_missions.__main__  etl_load.py:289  fact_missions built: 10,500 rows
2026-05-28 22:25:46  DEBUG     space_missions.__main__  etl_load.py:314  Building bridge_crew...
2026-05-28 22:25:47  INFO      space_missions.__main__  etl_load.py:317  bridge_crew built: 11,789 rows across 2,637 crewed missions
2026-05-28 22:25:47  DEBUG     space_missions.__main__  etl_load.py:322  Building bridge_partners...
2026-05-28 22:25:47  INFO      space_missions.__main__  etl_load.py:325  bridge_partners built: 4,336 rows across 4,336 collaborative missions
2026-05-28 22:25:47  DEBUG     space_missions.__main__  etl_load.py:334  Building dim_mission_meta...
2026-05-28 22:25:47  INFO      space_missions.__main__  etl_load.py:339  dim_mission_meta built: 10,500 rows
2026-05-28 22:25:47  INFO      space_missions.__main__  etl_load.py:363  Starting database load...
2026-05-28 22:25:47  INFO      space_missions.__main__  etl_load.py:366  Loading dim_date (12,081 rows)...
2026-05-28 22:25:47  ERROR     space_missions.__main__  etl_load.py:378    Failed to load dim_date: (psycopg2.OperationalError) connection to server at "127.0.0.1", port 5433 failed: FATAL:  password authentication failed for user "postgres"

(Background on this error at: https://sqlalche.me/e/20/e3q8)
2026-05-28 22:39:04  INFO      space_missions  logger.py:80  Logging initialised — file: F:\projects\space_mission_analysis\logs\space_missions.log
2026-05-28 22:39:04  INFO      space_missions.__main__  etl_load.py:411  ============================================================
2026-05-28 22:39:04  INFO      space_missions.__main__  etl_load.py:412  SPACE MISSIONS ETL — START
2026-05-28 22:39:04  INFO      space_missions.__main__  etl_load.py:413  ============================================================
2026-05-28 22:39:04  DEBUG     space_missions.db  db.py:30  No existing engine — creating a new one.
2026-05-28 22:39:04  INFO      space_missions.db  db.py:50  Database engine initialised — 127.0.0.1:5433/Space_missions
2026-05-28 22:39:04  DEBUG     space_missions.__main__  etl_load.py:51  Reading CSV from: F:\projects\space_mission_analysis\data\raw\space_missions.csv
2026-05-28 22:39:04  INFO      space_missions.__main__  etl_load.py:57  Loaded raw CSV: 10,500 rows x 26 columns
2026-05-28 22:39:04  INFO      space_missions.__main__  etl_load.py:121  Starting dataframe cleaning...
2026-05-28 22:39:04  DEBUG     space_missions.__main__  etl_load.py:131  Column names normalised to snake_case
2026-05-28 22:39:04  DEBUG     space_missions.__main__  etl_load.py:137  Sentinel values replaced with None across 25 string columns
2026-05-28 22:39:04  INFO      space_missions.__main__  etl_load.py:148  Duration parsed: 5,561 valid, 4,939 could not be parsed (set NULL)
2026-05-28 22:39:04  DEBUG     space_missions.__main__  etl_load.py:116  'status' — all values within allowed set
2026-05-28 22:39:04  DEBUG     space_missions.__main__  etl_load.py:116  'mission_phase' — all values within allowed set
2026-05-28 22:39:04  DEBUG     space_missions.__main__  etl_load.py:116  'crew_type' — all values within allowed set
2026-05-28 22:39:04  DEBUG     space_missions.__main__  etl_load.py:116  'data_returned' — all values within allowed set
2026-05-28 22:39:04  INFO      space_missions.__main__  etl_load.py:165  Cleaning complete.
2026-05-28 22:39:04  DEBUG     space_missions.__main__  etl_load.py:177  Building dim_date...
2026-05-28 22:39:04  INFO      space_missions.__main__  etl_load.py:196  dim_date built: 12,081 rows  (1957 — 2035)
2026-05-28 22:39:04  DEBUG     space_missions.__main__  etl_load.py:202  Building dim_agency...
2026-05-28 22:39:04  INFO      space_missions.__main__  etl_load.py:214  dim_agency built: 27 unique agencies
2026-05-28 22:39:04  DEBUG     space_missions.__main__  etl_load.py:220  Building dim_launch...
2026-05-28 22:39:04  INFO      space_missions.__main__  etl_load.py:230  dim_launch built: 139 unique vehicle/site combinations
2026-05-28 22:39:04  DEBUG     space_missions.__main__  etl_load.py:245  Building fact_missions...
2026-05-28 22:39:04  INFO      space_missions.__main__  etl_load.py:289  fact_missions built: 10,500 rows
2026-05-28 22:39:04  DEBUG     space_missions.__main__  etl_load.py:314  Building bridge_crew...
2026-05-28 22:39:05  INFO      space_missions.__main__  etl_load.py:317  bridge_crew built: 11,789 rows across 2,637 crewed missions
2026-05-28 22:39:05  DEBUG     space_missions.__main__  etl_load.py:322  Building bridge_partners...
2026-05-28 22:39:05  INFO      space_missions.__main__  etl_load.py:325  bridge_partners built: 4,336 rows across 4,336 collaborative missions
2026-05-28 22:39:05  DEBUG     space_missions.__main__  etl_load.py:334  Building dim_mission_meta...
2026-05-28 22:39:05  INFO      space_missions.__main__  etl_load.py:339  dim_mission_meta built: 10,500 rows
2026-05-28 22:39:05  INFO      space_missions.__main__  etl_load.py:363  Starting database load...
2026-05-28 22:39:05  INFO      space_missions.__main__  etl_load.py:366  Loading dim_date (12,081 rows)...
2026-05-28 22:39:05  ERROR     space_missions.__main__  etl_load.py:378    Failed to load dim_date: (psycopg2.OperationalError) connection to server at "127.0.0.1", port 5433 failed: FATAL:  password authentication failed for user "postgres"

(Background on this error at: https://sqlalche.me/e/20/e3q8)
2026-05-28 22:41:40  INFO      space_missions  logger.py:80  Logging initialised — file: F:\projects\space_mission_analysis\logs\space_missions.log
2026-05-28 22:41:40  INFO      space_missions.__main__  etl_load.py:411  ============================================================
2026-05-28 22:41:40  INFO      space_missions.__main__  etl_load.py:412  SPACE MISSIONS ETL — START
2026-05-28 22:41:40  INFO      space_missions.__main__  etl_load.py:413  ============================================================
2026-05-28 22:41:40  DEBUG     space_missions.db  db.py:35  No existing engine — creating a new one.
2026-05-28 22:41:40  INFO      space_missions.db  db.py:55  Database engine initialised — 127.0.0.1:5433/Space_missions
2026-05-28 22:41:40  DEBUG     space_missions.__main__  etl_load.py:51  Reading CSV from: F:\projects\space_mission_analysis\data\raw\space_missions.csv
2026-05-28 22:41:40  INFO      space_missions.__main__  etl_load.py:57  Loaded raw CSV: 10,500 rows x 26 columns
2026-05-28 22:41:40  INFO      space_missions.__main__  etl_load.py:121  Starting dataframe cleaning...
2026-05-28 22:41:40  DEBUG     space_missions.__main__  etl_load.py:131  Column names normalised to snake_case
2026-05-28 22:41:40  DEBUG     space_missions.__main__  etl_load.py:137  Sentinel values replaced with None across 25 string columns
2026-05-28 22:41:40  INFO      space_missions.__main__  etl_load.py:148  Duration parsed: 5,561 valid, 4,939 could not be parsed (set NULL)
2026-05-28 22:41:40  DEBUG     space_missions.__main__  etl_load.py:116  'status' — all values within allowed set
2026-05-28 22:41:40  DEBUG     space_missions.__main__  etl_load.py:116  'mission_phase' — all values within allowed set
2026-05-28 22:41:40  DEBUG     space_missions.__main__  etl_load.py:116  'crew_type' — all values within allowed set
2026-05-28 22:41:40  DEBUG     space_missions.__main__  etl_load.py:116  'data_returned' — all values within allowed set
2026-05-28 22:41:40  INFO      space_missions.__main__  etl_load.py:165  Cleaning complete.
2026-05-28 22:41:40  DEBUG     space_missions.__main__  etl_load.py:177  Building dim_date...
2026-05-28 22:41:40  INFO      space_missions.__main__  etl_load.py:196  dim_date built: 12,081 rows  (1957 — 2035)
2026-05-28 22:41:40  DEBUG     space_missions.__main__  etl_load.py:202  Building dim_agency...
2026-05-28 22:41:40  INFO      space_missions.__main__  etl_load.py:214  dim_agency built: 27 unique agencies
2026-05-28 22:41:40  DEBUG     space_missions.__main__  etl_load.py:220  Building dim_launch...
2026-05-28 22:41:40  INFO      space_missions.__main__  etl_load.py:230  dim_launch built: 139 unique vehicle/site combinations
2026-05-28 22:41:40  DEBUG     space_missions.__main__  etl_load.py:245  Building fact_missions...
2026-05-28 22:41:40  INFO      space_missions.__main__  etl_load.py:289  fact_missions built: 10,500 rows
2026-05-28 22:41:40  DEBUG     space_missions.__main__  etl_load.py:314  Building bridge_crew...
2026-05-28 22:41:41  INFO      space_missions.__main__  etl_load.py:317  bridge_crew built: 11,789 rows across 2,637 crewed missions
2026-05-28 22:41:41  DEBUG     space_missions.__main__  etl_load.py:322  Building bridge_partners...
2026-05-28 22:41:41  INFO      space_missions.__main__  etl_load.py:325  bridge_partners built: 4,336 rows across 4,336 collaborative missions
2026-05-28 22:41:41  DEBUG     space_missions.__main__  etl_load.py:334  Building dim_mission_meta...
2026-05-28 22:41:41  INFO      space_missions.__main__  etl_load.py:339  dim_mission_meta built: 10,500 rows
2026-05-28 22:41:41  INFO      space_missions.__main__  etl_load.py:363  Starting database load...
2026-05-28 22:41:41  INFO      space_missions.__main__  etl_load.py:366  Loading dim_date (12,081 rows)...
2026-05-28 22:41:41  ERROR     space_missions.__main__  etl_load.py:378    Failed to load dim_date: (psycopg2.OperationalError) connection to server at "127.0.0.1", port 5433 failed: FATAL:  password authentication failed for user "postgres"

(Background on this error at: https://sqlalche.me/e/20/e3q8)
2026-05-28 22:42:27  INFO      space_missions  logger.py:80  Logging initialised — file: F:\projects\space_mission_analysis\logs\space_missions.log
2026-05-28 22:42:27  INFO      space_missions.__main__  etl_load.py:411  ============================================================
2026-05-28 22:42:27  INFO      space_missions.__main__  etl_load.py:412  SPACE MISSIONS ETL — START
2026-05-28 22:42:27  INFO      space_missions.__main__  etl_load.py:413  ============================================================
2026-05-28 22:42:27  DEBUG     space_missions.db  db.py:35  No existing engine — creating a new one.
2026-05-28 22:42:27  INFO      space_missions.db  db.py:55  Database engine initialised — localhost:5433/Space_missions
2026-05-28 22:42:27  DEBUG     space_missions.__main__  etl_load.py:51  Reading CSV from: F:\projects\space_mission_analysis\data\raw\space_missions.csv
2026-05-28 22:42:27  INFO      space_missions.__main__  etl_load.py:57  Loaded raw CSV: 10,500 rows x 26 columns
2026-05-28 22:42:27  INFO      space_missions.__main__  etl_load.py:121  Starting dataframe cleaning...
2026-05-28 22:42:27  DEBUG     space_missions.__main__  etl_load.py:131  Column names normalised to snake_case
2026-05-28 22:42:27  DEBUG     space_missions.__main__  etl_load.py:137  Sentinel values replaced with None across 25 string columns
2026-05-28 22:42:27  INFO      space_missions.__main__  etl_load.py:148  Duration parsed: 5,561 valid, 4,939 could not be parsed (set NULL)
2026-05-28 22:42:27  DEBUG     space_missions.__main__  etl_load.py:116  'status' — all values within allowed set
2026-05-28 22:42:27  DEBUG     space_missions.__main__  etl_load.py:116  'mission_phase' — all values within allowed set
2026-05-28 22:42:27  DEBUG     space_missions.__main__  etl_load.py:116  'crew_type' — all values within allowed set
2026-05-28 22:42:27  DEBUG     space_missions.__main__  etl_load.py:116  'data_returned' — all values within allowed set
2026-05-28 22:42:27  INFO      space_missions.__main__  etl_load.py:165  Cleaning complete.
2026-05-28 22:42:27  DEBUG     space_missions.__main__  etl_load.py:177  Building dim_date...
2026-05-28 22:42:27  INFO      space_missions.__main__  etl_load.py:196  dim_date built: 12,081 rows  (1957 — 2035)
2026-05-28 22:42:27  DEBUG     space_missions.__main__  etl_load.py:202  Building dim_agency...
2026-05-28 22:42:27  INFO      space_missions.__main__  etl_load.py:214  dim_agency built: 27 unique agencies
2026-05-28 22:42:27  DEBUG     space_missions.__main__  etl_load.py:220  Building dim_launch...
2026-05-28 22:42:27  INFO      space_missions.__main__  etl_load.py:230  dim_launch built: 139 unique vehicle/site combinations
2026-05-28 22:42:27  DEBUG     space_missions.__main__  etl_load.py:245  Building fact_missions...
2026-05-28 22:42:28  INFO      space_missions.__main__  etl_load.py:289  fact_missions built: 10,500 rows
2026-05-28 22:42:28  DEBUG     space_missions.__main__  etl_load.py:314  Building bridge_crew...
2026-05-28 22:42:28  INFO      space_missions.__main__  etl_load.py:317  bridge_crew built: 11,789 rows across 2,637 crewed missions
2026-05-28 22:42:28  DEBUG     space_missions.__main__  etl_load.py:322  Building bridge_partners...
2026-05-28 22:42:28  INFO      space_missions.__main__  etl_load.py:325  bridge_partners built: 4,336 rows across 4,336 collaborative missions
2026-05-28 22:42:28  DEBUG     space_missions.__main__  etl_load.py:334  Building dim_mission_meta...
2026-05-28 22:42:28  INFO      space_missions.__main__  etl_load.py:339  dim_mission_meta built: 10,500 rows
2026-05-28 22:42:28  INFO      space_missions.__main__  etl_load.py:363  Starting database load...
2026-05-28 22:42:28  INFO      space_missions.__main__  etl_load.py:366  Loading dim_date (12,081 rows)...
2026-05-28 22:42:28  ERROR     space_missions.__main__  etl_load.py:378    Failed to load dim_date: (psycopg2.OperationalError) connection to server at "localhost" (::1), port 5433 failed: FATAL:  password authentication failed for user "postgres"

(Background on this error at: https://sqlalche.me/e/20/e3q8)
2026-05-28 23:10:02  INFO      space_missions  logger.py:80  Logging initialised — file: F:\projects\space_mission_analysis\logs\space_missions.log
2026-05-28 23:10:02  INFO      space_missions.__main__  etl_load.py:411  ============================================================
2026-05-28 23:10:02  INFO      space_missions.__main__  etl_load.py:412  SPACE MISSIONS ETL — START
2026-05-28 23:10:02  INFO      space_missions.__main__  etl_load.py:413  ============================================================
2026-05-28 23:10:02  DEBUG     space_missions.db  db.py:35  No existing engine — creating a new one.
2026-05-28 23:10:02  INFO      space_missions.db  db.py:55  Database engine initialised — localhost:5433/Space_missions
2026-05-28 23:10:02  DEBUG     space_missions.__main__  etl_load.py:51  Reading CSV from: F:\projects\space_mission_analysis\data\raw\space_missions.csv
2026-05-28 23:10:02  INFO      space_missions.__main__  etl_load.py:57  Loaded raw CSV: 10,500 rows x 26 columns
2026-05-28 23:10:02  INFO      space_missions.__main__  etl_load.py:121  Starting dataframe cleaning...
2026-05-28 23:10:02  DEBUG     space_missions.__main__  etl_load.py:131  Column names normalised to snake_case
2026-05-28 23:10:03  DEBUG     space_missions.__main__  etl_load.py:137  Sentinel values replaced with None across 25 string columns
2026-05-28 23:10:03  INFO      space_missions.__main__  etl_load.py:148  Duration parsed: 5,561 valid, 4,939 could not be parsed (set NULL)
2026-05-28 23:10:03  DEBUG     space_missions.__main__  etl_load.py:116  'status' — all values within allowed set
2026-05-28 23:10:03  DEBUG     space_missions.__main__  etl_load.py:116  'mission_phase' — all values within allowed set
2026-05-28 23:10:03  DEBUG     space_missions.__main__  etl_load.py:116  'crew_type' — all values within allowed set
2026-05-28 23:10:03  DEBUG     space_missions.__main__  etl_load.py:116  'data_returned' — all values within allowed set
2026-05-28 23:10:03  INFO      space_missions.__main__  etl_load.py:165  Cleaning complete.
2026-05-28 23:10:03  DEBUG     space_missions.__main__  etl_load.py:177  Building dim_date...
2026-05-28 23:10:03  INFO      space_missions.__main__  etl_load.py:196  dim_date built: 12,081 rows  (1957 — 2035)
2026-05-28 23:10:03  DEBUG     space_missions.__main__  etl_load.py:202  Building dim_agency...
2026-05-28 23:10:03  INFO      space_missions.__main__  etl_load.py:214  dim_agency built: 27 unique agencies
2026-05-28 23:10:03  DEBUG     space_missions.__main__  etl_load.py:220  Building dim_launch...
2026-05-28 23:10:03  INFO      space_missions.__main__  etl_load.py:230  dim_launch built: 139 unique vehicle/site combinations
2026-05-28 23:10:03  DEBUG     space_missions.__main__  etl_load.py:245  Building fact_missions...
2026-05-28 23:10:03  INFO      space_missions.__main__  etl_load.py:289  fact_missions built: 10,500 rows
2026-05-28 23:10:03  DEBUG     space_missions.__main__  etl_load.py:314  Building bridge_crew...
2026-05-28 23:10:03  INFO      space_missions.__main__  etl_load.py:317  bridge_crew built: 11,789 rows across 2,637 crewed missions
2026-05-28 23:10:03  DEBUG     space_missions.__main__  etl_load.py:322  Building bridge_partners...
2026-05-28 23:10:04  INFO      space_missions.__main__  etl_load.py:325  bridge_partners built: 4,336 rows across 4,336 collaborative missions
2026-05-28 23:10:04  DEBUG     space_missions.__main__  etl_load.py:334  Building dim_mission_meta...
2026-05-28 23:10:04  INFO      space_missions.__main__  etl_load.py:339  dim_mission_meta built: 10,500 rows
2026-05-28 23:10:04  INFO      space_missions.__main__  etl_load.py:363  Starting database load...
2026-05-28 23:10:04  INFO      space_missions.__main__  etl_load.py:366  Loading dim_date (12,081 rows)...
2026-05-28 23:10:04  ERROR     space_missions.__main__  etl_load.py:378    Failed to load dim_date: (psycopg2.OperationalError) connection to server at "localhost" (::1), port 5433 failed: FATAL:  password authentication failed for user "postgres"

(Background on this error at: https://sqlalche.me/e/20/e3q8)
2026-05-28 23:38:19  INFO      space_missions  logger.py:80  Logging initialised — file: F:\projects\space_mission_analysis\logs\space_missions.log
2026-05-28 23:38:19  INFO      space_missions.__main__  etl_load.py:411  ============================================================
2026-05-28 23:38:19  INFO      space_missions.__main__  etl_load.py:412  SPACE MISSIONS ETL — START
2026-05-28 23:38:19  INFO      space_missions.__main__  etl_load.py:413  ============================================================
2026-05-28 23:38:19  DEBUG     space_missions.db  db.py:35  No existing engine — creating a new one.
2026-05-28 23:38:19  INFO      space_missions.db  db.py:55  Database engine initialised — localhost:5433/space_missions
2026-05-28 23:38:19  DEBUG     space_missions.__main__  etl_load.py:51  Reading CSV from: F:\projects\space_mission_analysis\data\raw\space_missions.csv
2026-05-28 23:38:19  INFO      space_missions.__main__  etl_load.py:57  Loaded raw CSV: 10,500 rows x 26 columns
2026-05-28 23:38:19  INFO      space_missions.__main__  etl_load.py:121  Starting dataframe cleaning...
2026-05-28 23:38:19  DEBUG     space_missions.__main__  etl_load.py:131  Column names normalised to snake_case
2026-05-28 23:38:20  DEBUG     space_missions.__main__  etl_load.py:137  Sentinel values replaced with None across 25 string columns
2026-05-28 23:38:20  INFO      space_missions.__main__  etl_load.py:148  Duration parsed: 5,561 valid, 4,939 could not be parsed (set NULL)
2026-05-28 23:38:20  DEBUG     space_missions.__main__  etl_load.py:116  'status' — all values within allowed set
2026-05-28 23:38:20  DEBUG     space_missions.__main__  etl_load.py:116  'mission_phase' — all values within allowed set
2026-05-28 23:38:20  DEBUG     space_missions.__main__  etl_load.py:116  'crew_type' — all values within allowed set
2026-05-28 23:38:20  DEBUG     space_missions.__main__  etl_load.py:116  'data_returned' — all values within allowed set
2026-05-28 23:38:20  INFO      space_missions.__main__  etl_load.py:165  Cleaning complete.
2026-05-28 23:38:20  DEBUG     space_missions.__main__  etl_load.py:177  Building dim_date...
2026-05-28 23:38:20  INFO      space_missions.__main__  etl_load.py:196  dim_date built: 12,081 rows  (1957 — 2035)
2026-05-28 23:38:20  DEBUG     space_missions.__main__  etl_load.py:202  Building dim_agency...
2026-05-28 23:38:20  INFO      space_missions.__main__  etl_load.py:214  dim_agency built: 27 unique agencies
2026-05-28 23:38:20  DEBUG     space_missions.__main__  etl_load.py:220  Building dim_launch...
2026-05-28 23:38:20  INFO      space_missions.__main__  etl_load.py:230  dim_launch built: 139 unique vehicle/site combinations
2026-05-28 23:38:20  DEBUG     space_missions.__main__  etl_load.py:245  Building fact_missions...
2026-05-28 23:38:20  INFO      space_missions.__main__  etl_load.py:289  fact_missions built: 10,500 rows
2026-05-28 23:38:20  DEBUG     space_missions.__main__  etl_load.py:314  Building bridge_crew...
2026-05-28 23:38:20  INFO      space_missions.__main__  etl_load.py:317  bridge_crew built: 11,789 rows across 2,637 crewed missions
2026-05-28 23:38:20  DEBUG     space_missions.__main__  etl_load.py:322  Building bridge_partners...
2026-05-28 23:38:21  INFO      space_missions.__main__  etl_load.py:325  bridge_partners built: 4,336 rows across 4,336 collaborative missions
2026-05-28 23:38:21  DEBUG     space_missions.__main__  etl_load.py:334  Building dim_mission_meta...
2026-05-28 23:38:21  INFO      space_missions.__main__  etl_load.py:339  dim_mission_meta built: 10,500 rows
2026-05-28 23:38:21  INFO      space_missions.__main__  etl_load.py:363  Starting database load...
2026-05-28 23:38:21  INFO      space_missions.__main__  etl_load.py:366  Loading dim_date (12,081 rows)...
2026-05-28 23:38:21  ERROR     space_missions.__main__  etl_load.py:378    Failed to load dim_date: (psycopg2.OperationalError) connection to server at "localhost" (::1), port 5433 failed: FATAL:  password authentication failed for user "postgres"

(Background on this error at: https://sqlalche.me/e/20/e3q8)
2026-05-28 23:47:20  INFO      space_missions  logger.py:80  Logging initialised — file: F:\projects\space_mission_analysis\logs\space_missions.log
2026-05-28 23:47:20  INFO      space_missions.__main__  etl_load.py:411  ============================================================
2026-05-28 23:47:20  INFO      space_missions.__main__  etl_load.py:412  SPACE MISSIONS ETL — START
2026-05-28 23:47:20  INFO      space_missions.__main__  etl_load.py:413  ============================================================
2026-05-28 23:47:20  DEBUG     space_missions.db  db.py:35  No existing engine — creating a new one.
2026-05-28 23:47:20  INFO      space_missions.db  db.py:55  Database engine initialised — localhost:5433/space_missions
2026-05-28 23:47:20  DEBUG     space_missions.__main__  etl_load.py:51  Reading CSV from: F:\projects\space_mission_analysis\data\raw\space_missions.csv
2026-05-28 23:47:20  INFO      space_missions.__main__  etl_load.py:57  Loaded raw CSV: 10,500 rows x 26 columns
2026-05-28 23:47:20  INFO      space_missions.__main__  etl_load.py:121  Starting dataframe cleaning...
2026-05-28 23:47:20  DEBUG     space_missions.__main__  etl_load.py:131  Column names normalised to snake_case
2026-05-28 23:47:20  DEBUG     space_missions.__main__  etl_load.py:137  Sentinel values replaced with None across 25 string columns
2026-05-28 23:47:20  INFO      space_missions.__main__  etl_load.py:148  Duration parsed: 5,561 valid, 4,939 could not be parsed (set NULL)
2026-05-28 23:47:20  DEBUG     space_missions.__main__  etl_load.py:116  'status' — all values within allowed set
2026-05-28 23:47:20  DEBUG     space_missions.__main__  etl_load.py:116  'mission_phase' — all values within allowed set
2026-05-28 23:47:20  DEBUG     space_missions.__main__  etl_load.py:116  'crew_type' — all values within allowed set
2026-05-28 23:47:20  DEBUG     space_missions.__main__  etl_load.py:116  'data_returned' — all values within allowed set
2026-05-28 23:47:20  INFO      space_missions.__main__  etl_load.py:165  Cleaning complete.
2026-05-28 23:47:20  DEBUG     space_missions.__main__  etl_load.py:177  Building dim_date...
2026-05-28 23:47:20  INFO      space_missions.__main__  etl_load.py:196  dim_date built: 12,081 rows  (1957 — 2035)
2026-05-28 23:47:20  DEBUG     space_missions.__main__  etl_load.py:202  Building dim_agency...
2026-05-28 23:47:20  INFO      space_missions.__main__  etl_load.py:214  dim_agency built: 27 unique agencies
2026-05-28 23:47:20  DEBUG     space_missions.__main__  etl_load.py:220  Building dim_launch...
2026-05-28 23:47:20  INFO      space_missions.__main__  etl_load.py:230  dim_launch built: 139 unique vehicle/site combinations
2026-05-28 23:47:20  DEBUG     space_missions.__main__  etl_load.py:245  Building fact_missions...
2026-05-28 23:47:20  INFO      space_missions.__main__  etl_load.py:289  fact_missions built: 10,500 rows
2026-05-28 23:47:20  DEBUG     space_missions.__main__  etl_load.py:314  Building bridge_crew...
2026-05-28 23:47:20  INFO      space_missions.__main__  etl_load.py:317  bridge_crew built: 11,789 rows across 2,637 crewed missions
2026-05-28 23:47:20  DEBUG     space_missions.__main__  etl_load.py:322  Building bridge_partners...
2026-05-28 23:47:21  INFO      space_missions.__main__  etl_load.py:325  bridge_partners built: 4,336 rows across 4,336 collaborative missions
2026-05-28 23:47:21  DEBUG     space_missions.__main__  etl_load.py:334  Building dim_mission_meta...
2026-05-28 23:47:21  INFO      space_missions.__main__  etl_load.py:339  dim_mission_meta built: 10,500 rows
2026-05-28 23:47:21  INFO      space_missions.__main__  etl_load.py:363  Starting database load...
2026-05-28 23:47:21  INFO      space_missions.__main__  etl_load.py:366  Loading dim_date (12,081 rows)...
2026-05-28 23:47:21  ERROR     space_missions.__main__  etl_load.py:378    Failed to load dim_date: (psycopg2.errors.DependentObjectsStillExist) cannot drop table dim_date because other objects depend on it
DETAIL:  constraint fact_missions_launch_date_id_fkey on table fact_missions depends on table dim_date
constraint fact_missions_end_date_id_fkey on table fact_missions depends on table dim_date
view vw_yearly_trend depends on table dim_date
HINT:  Use DROP ... CASCADE to drop the dependent objects too.

[SQL: 
DROP TABLE dim_date]
(Background on this error at: https://sqlalche.me/e/20/2j85)
2026-05-29 18:23:17  INFO      space_missions  logger.py:80  Logging initialised — file: F:\projects\space_mission_analysis\logs\space_missions.log
2026-05-29 18:23:17  INFO      space_missions.__main__  etl_load.py:432  ============================================================
2026-05-29 18:23:17  INFO      space_missions.__main__  etl_load.py:433  SPACE MISSIONS ETL — START
2026-05-29 18:23:17  INFO      space_missions.__main__  etl_load.py:434  ============================================================
2026-05-29 18:23:17  DEBUG     space_missions.db  db.py:30  No existing engine — creating a new one.
2026-05-29 18:23:17  INFO      space_missions.db  db.py:50  Database engine initialised — localhost:5433/space_missions
2026-05-29 18:23:17  DEBUG     space_missions.__main__  etl_load.py:51  Reading CSV from: F:\projects\space_mission_analysis\data\raw\space_missions.csv
2026-05-29 18:23:17  INFO      space_missions.__main__  etl_load.py:57  Loaded raw CSV: 10,500 rows x 26 columns
2026-05-29 18:23:17  INFO      space_missions.__main__  etl_load.py:121  Starting dataframe cleaning...
2026-05-29 18:28:18  INFO      space_missions  logger.py:80  Logging initialised — file: F:\projects\space_mission_analysis\logs\space_missions.log
2026-05-29 18:28:18  INFO      space_missions.__main__  etl_load.py:432  ============================================================
2026-05-29 18:28:18  INFO      space_missions.__main__  etl_load.py:433  SPACE MISSIONS ETL — START
2026-05-29 18:28:18  INFO      space_missions.__main__  etl_load.py:434  ============================================================
2026-05-29 18:28:18  DEBUG     space_missions.db  db.py:30  No existing engine — creating a new one.
2026-05-29 18:28:18  INFO      space_missions.db  db.py:50  Database engine initialised — localhost:5433/space_missions
2026-05-29 18:28:18  DEBUG     space_missions.__main__  etl_load.py:51  Reading CSV from: F:\projects\space_mission_analysis\data\raw\space_missions.csv
2026-05-29 18:28:18  INFO      space_missions.__main__  etl_load.py:57  Loaded raw CSV: 10,500 rows x 26 columns
2026-05-29 18:28:18  INFO      space_missions.__main__  etl_load.py:121  Starting dataframe cleaning...
2026-05-29 18:28:18  DEBUG     space_missions.__main__  etl_load.py:131  Column names normalised to snake_case
2026-05-29 18:28:18  DEBUG     space_missions.__main__  etl_load.py:137  Sentinel values replaced with None across 25 string columns
2026-05-29 18:28:18  INFO      space_missions.__main__  etl_load.py:148  Duration parsed: 5,561 valid, 4,939 could not be parsed (set NULL)
2026-05-29 18:28:18  DEBUG     space_missions.__main__  etl_load.py:116  'status' — all values within allowed set
2026-05-29 18:28:18  DEBUG     space_missions.__main__  etl_load.py:116  'mission_phase' — all values within allowed set
2026-05-29 18:28:18  DEBUG     space_missions.__main__  etl_load.py:116  'crew_type' — all values within allowed set
2026-05-29 18:28:18  DEBUG     space_missions.__main__  etl_load.py:116  'data_returned' — all values within allowed set
2026-05-29 18:28:18  INFO      space_missions.__main__  etl_load.py:165  Cleaning complete.
2026-05-29 18:28:18  DEBUG     space_missions.__main__  etl_load.py:177  Building dim_date...
2026-05-29 18:28:19  INFO      space_missions.__main__  etl_load.py:196  dim_date built: 12,081 rows  (1957 — 2035)
2026-05-29 18:28:19  DEBUG     space_missions.__main__  etl_load.py:202  Building dim_agency...
2026-05-29 18:28:19  INFO      space_missions.__main__  etl_load.py:214  dim_agency built: 27 unique agencies
2026-05-29 18:28:19  DEBUG     space_missions.__main__  etl_load.py:220  Building dim_launch...
2026-05-29 18:28:19  INFO      space_missions.__main__  etl_load.py:230  dim_launch built: 139 unique vehicle/site combinations
2026-05-29 18:28:19  DEBUG     space_missions.__main__  etl_load.py:245  Building fact_missions...
2026-05-29 18:28:19  INFO      space_missions.__main__  etl_load.py:289  fact_missions built: 10,500 rows
2026-05-29 18:28:19  DEBUG     space_missions.__main__  etl_load.py:314  Building bridge_crew...
2026-05-29 18:28:19  INFO      space_missions.__main__  etl_load.py:317  bridge_crew built: 11,789 rows across 2,637 crewed missions
2026-05-29 18:28:19  DEBUG     space_missions.__main__  etl_load.py:322  Building bridge_partners...
2026-05-29 18:28:20  INFO      space_missions.__main__  etl_load.py:325  bridge_partners built: 4,336 rows across 4,336 collaborative missions
2026-05-29 18:28:20  DEBUG     space_missions.__main__  etl_load.py:334  Building dim_mission_meta...
2026-05-29 18:28:20  INFO      space_missions.__main__  etl_load.py:339  dim_mission_meta built: 10,500 rows
2026-05-29 18:28:20  INFO      space_missions.__main__  etl_load.py:383  Starting database load...
2026-05-29 18:28:20  INFO      space_missions.__main__  etl_load.py:365  All tables truncated.
2026-05-29 18:28:20  INFO      space_missions.__main__  etl_load.py:387  Loading dim_date (12,081 rows)...
2026-05-29 18:28:22  INFO      space_missions.__main__  etl_load.py:397    dim_date loaded successfully
2026-05-29 18:28:22  INFO      space_missions.__main__  etl_load.py:387  Loading dim_agency (27 rows)...
2026-05-29 18:28:22  INFO      space_missions.__main__  etl_load.py:397    dim_agency loaded successfully
2026-05-29 18:28:22  INFO      space_missions.__main__  etl_load.py:387  Loading dim_launch (139 rows)...
2026-05-29 18:28:22  INFO      space_missions.__main__  etl_load.py:397    dim_launch loaded successfully
2026-05-29 18:28:22  INFO      space_missions.__main__  etl_load.py:387  Loading dim_mission_meta (10,500 rows)...
2026-05-29 18:28:23  INFO      space_missions.__main__  etl_load.py:397    dim_mission_meta loaded successfully
2026-05-29 18:28:23  INFO      space_missions.__main__  etl_load.py:387  Loading fact_missions (10,500 rows)...
2026-05-29 18:28:25  INFO      space_missions.__main__  etl_load.py:397    fact_missions loaded successfully
2026-05-29 18:28:25  INFO      space_missions.__main__  etl_load.py:387  Loading bridge_crew (11,789 rows)...
2026-05-29 18:28:26  INFO      space_missions.__main__  etl_load.py:397    bridge_crew loaded successfully
2026-05-29 18:28:26  INFO      space_missions.__main__  etl_load.py:387  Loading bridge_partners (4,336 rows)...
2026-05-29 18:28:26  INFO      space_missions.__main__  etl_load.py:397    bridge_partners loaded successfully
2026-05-29 18:28:26  DEBUG     space_missions.__main__  etl_load.py:407  Applying indexes...
2026-05-29 18:28:26  INFO      space_missions.__main__  etl_load.py:424  Indexes applied.
2026-05-29 18:28:26  INFO      space_missions.__main__  etl_load.py:461  ============================================================
2026-05-29 18:28:26  INFO      space_missions.__main__  etl_load.py:462  ETL COMPLETE — row counts:
2026-05-29 18:28:26  INFO      space_missions.__main__  etl_load.py:464    dim_date                12,081 rows
2026-05-29 18:28:26  INFO      space_missions.__main__  etl_load.py:464    dim_agency                  27 rows
2026-05-29 18:28:26  INFO      space_missions.__main__  etl_load.py:464    dim_launch                 139 rows
2026-05-29 18:28:26  INFO      space_missions.__main__  etl_load.py:464    dim_mission_meta        10,500 rows
2026-05-29 18:28:26  INFO      space_missions.__main__  etl_load.py:464    fact_missions           10,500 rows
2026-05-29 18:28:26  INFO      space_missions.__main__  etl_load.py:464    bridge_crew             11,789 rows
2026-05-29 18:28:26  INFO      space_missions.__main__  etl_load.py:464    bridge_partners          4,336 rows
2026-05-29 18:28:26  INFO      space_missions.__main__  etl_load.py:465  ============================================================
