2026-05-30 01:07:46  INFO      space_missions  logger.py:80  Logging initialised — file: F:\projects\space_mission_analysis\notebooks\logs\space_missions.log
2026-05-30 01:07:46  INFO      space_missions.db  db.py:189  ── Database Health Check ─────────────────────
2026-05-30 01:07:46  DEBUG     space_missions.db  db.py:69  Executing query: SELECT COUNT(*) AS n FROM dim_date
2026-05-30 01:07:46  DEBUG     space_missions.db  db.py:59  Reusing existing engine.
2026-05-30 01:07:46  DEBUG     space_missions.db  db.py:78  Query returned 1 rows.
2026-05-30 01:07:46  INFO      space_missions.db  db.py:199    dim_date                   12,081 rows
2026-05-30 01:07:46  DEBUG     space_missions.db  db.py:69  Executing query: SELECT COUNT(*) AS n FROM dim_agency
2026-05-30 01:07:46  DEBUG     space_missions.db  db.py:59  Reusing existing engine.
2026-05-30 01:07:46  DEBUG     space_missions.db  db.py:78  Query returned 1 rows.
2026-05-30 01:07:46  INFO      space_missions.db  db.py:199    dim_agency                     27 rows
2026-05-30 01:07:46  DEBUG     space_missions.db  db.py:69  Executing query: SELECT COUNT(*) AS n FROM dim_launch
2026-05-30 01:07:46  DEBUG     space_missions.db  db.py:59  Reusing existing engine.
2026-05-30 01:07:46  DEBUG     space_missions.db  db.py:78  Query returned 1 rows.
2026-05-30 01:07:46  INFO      space_missions.db  db.py:199    dim_launch                    139 rows
2026-05-30 01:07:46  DEBUG     space_missions.db  db.py:69  Executing query: SELECT COUNT(*) AS n FROM dim_mission_meta
2026-05-30 01:07:46  DEBUG     space_missions.db  db.py:59  Reusing existing engine.
2026-05-30 01:07:46  DEBUG     space_missions.db  db.py:78  Query returned 1 rows.
2026-05-30 01:07:46  INFO      space_missions.db  db.py:199    dim_mission_meta           10,500 rows
2026-05-30 01:07:46  DEBUG     space_missions.db  db.py:69  Executing query: SELECT COUNT(*) AS n FROM fact_missions
2026-05-30 01:07:46  DEBUG     space_missions.db  db.py:59  Reusing existing engine.
2026-05-30 01:07:46  DEBUG     space_missions.db  db.py:78  Query returned 1 rows.
2026-05-30 01:07:46  INFO      space_missions.db  db.py:199    fact_missions              10,500 rows
2026-05-30 01:07:46  DEBUG     space_missions.db  db.py:69  Executing query: SELECT COUNT(*) AS n FROM bridge_crew
2026-05-30 01:07:46  DEBUG     space_missions.db  db.py:59  Reusing existing engine.
2026-05-30 01:07:46  DEBUG     space_missions.db  db.py:78  Query returned 1 rows.
2026-05-30 01:07:46  INFO      space_missions.db  db.py:199    bridge_crew                11,789 rows
2026-05-30 01:07:46  DEBUG     space_missions.db  db.py:69  Executing query: SELECT COUNT(*) AS n FROM bridge_partners
2026-05-30 01:07:46  DEBUG     space_missions.db  db.py:59  Reusing existing engine.
2026-05-30 01:07:46  DEBUG     space_missions.db  db.py:78  Query returned 1 rows.
2026-05-30 01:07:46  INFO      space_missions.db  db.py:199    bridge_partners             4,336 rows
2026-05-30 01:07:46  INFO      space_missions.db  db.py:205  Health check passed — all tables populated.
2026-05-30 01:07:46  INFO      space_missions.db  db.py:208  ──────────────────────────────────────────────
